<?xml version="1.0" encoding="UTF-8"?>
<!-- Generated by org.testng.reporters.JUnitReportReporter -->
<testsuite hostname="DESKTOP-5GABJPG" failures="0" tests="1" name="project1.seleniumproject.TestCase_2" time="11.985" errors="0" timestamp="2024-09-26T20:07:26 IST" skipped="0">
  <testcase classname="project1.seleniumproject.TestCase_2" name="LoginAmz" time="11.985"/>
  <system-out/>
</testsuite> <!-- project1.seleniumproject.TestCase_2 -->
