<?xml version="1.0" encoding="UTF-8"?>
<!-- Generated by org.testng.reporters.JUnitReportReporter -->
<testsuite hostname="DESKTOP-5GABJPG" failures="0" tests="1" name="project1.seleniumproject.TestCase_3" time="10.681" errors="0" timestamp="2024-09-26T10:45:36 IST" skipped="0">
  <testcase classname="project1.seleniumproject.TestCase_3" name="loinfail" time="10.681"/>
  <system-out/>
</testsuite> <!-- project1.seleniumproject.TestCase_3 -->
