<?xml version="1.0" encoding="UTF-8"?>
<!-- Generated by org.testng.reporters.JUnitReportReporter -->
<testsuite hostname="DESKTOP-5GABJPG" failures="0" tests="1" name="project1.seleniumproject.TestCase_4" time="20.989" errors="0" timestamp="2024-09-30T11:48:42 IST" skipped="0">
  <testcase classname="project1.seleniumproject.TestCase_4" name="editprofile" time="20.989"/>
  <system-out/>
</testsuite> <!-- project1.seleniumproject.TestCase_4 -->
