<?xml version="1.0" encoding="UTF-8"?>
<!-- Generated by org.testng.reporters.JUnitReportReporter -->
<testsuite hostname="DESKTOP-5GABJPG" failures="0" tests="1" name="project1.seleniumproject.TestCase_5" time="30.996" errors="0" timestamp="2024-10-05T00:23:52 IST" skipped="0">
  <testcase classname="project1.seleniumproject.TestCase_5" name="searchproductamazon" time="30.996"/>
  <system-out/>
</testsuite> <!-- project1.seleniumproject.TestCase_5 -->
