<?xml version="1.0" encoding="UTF-8"?>
<!-- Generated by org.testng.reporters.JUnitReportReporter -->
<testsuite hostname="DESKTOP-5GABJPG" failures="0" tests="1" name="project1.seleniumproject.TestCase_14" time="58.840" errors="0" timestamp="2024-10-05T22:13:48 IST" skipped="0">
  <testcase classname="project1.seleniumproject.TestCase_14" name="orderPage" time="58.840"/>
  <system-out/>
</testsuite> <!-- project1.seleniumproject.TestCase_14 -->
